<?xml version="1.0" encoding="UTF-8"?>
<!-- Generated by org.testng.reporters.JUnitReportReporter -->
<testsuite skipped="0" hostname="user-PC" name="selenium.practice.CreateAccount" tests="1" failures="0" timestamp="19 Jul 2017 21:30:42 GMT" time="2.460" errors="0">
  <testcase name="testCreateAccount" time="2.460" classname="selenium.practice.CreateAccount"/>
</testsuite> <!-- selenium.practice.CreateAccount -->
